<?xml version="1.0" encoding="UTF-8"?>
<testng-results skipped="0" failed="0" ignored="0" total="1" passed="1">
  <reporter-output>
  </reporter-output>
  <suite name="Default suite" duration-ms="6931" started-at="2022-02-21T12:52:17 PST" finished-at="2022-02-21T12:52:24 PST">
    <groups>
    </groups>
    <test name="Default test" duration-ms="6931" started-at="2022-02-21T12:52:17 PST" finished-at="2022-02-21T12:52:24 PST">
      <class name="test.LoginTest">
        <test-method status="PASS" signature="validUserShouldBeLogin()[pri:0, instance:test.LoginTest@646d64ab]" name="validUserShouldBeLogin" duration-ms="6895" started-at="2022-02-21T12:52:17 PST" finished-at="2022-02-21T12:52:24 PST">
          <reporter-output>
          </reporter-output>
        </test-method> <!-- validUserShouldBeLogin -->
      </class> <!-- test.LoginTest -->
    </test> <!-- Default test -->
  </suite> <!-- Default suite -->
</testng-results>
